<?xml version="1.0" encoding="UTF-8"?>
<testng-results skipped="0" failed="0" ignored="0" total="1" passed="1">
  <reporter-output>
  </reporter-output>
  <suite name="Default suite" duration-ms="12494" started-at="2018-02-02T10:15:22Z" finished-at="2018-02-02T10:15:35Z">
    <groups>
    </groups>
    <test name="Default test" duration-ms="12494" started-at="2018-02-02T10:15:22Z" finished-at="2018-02-02T10:15:35Z">
      <class name="testCases.Test1">
        <test-method status="PASS" signature="test1()[pri:0, instance:testCases.Test1@68c4039c]" name="test1" duration-ms="12468" started-at="2018-02-02T15:45:22Z" finished-at="2018-02-02T15:45:35Z">
          <reporter-output>
          </reporter-output>
        </test-method> <!-- test1 -->
      </class> <!-- testCases.Test1 -->
    </test> <!-- Default test -->
  </suite> <!-- Default suite -->
</testng-results>
